<?xml version="1.0" encoding="UTF-8"?>
<testng-results ignored="0" total="3" passed="3" failed="0" skipped="0">
  <reporter-output>
  </reporter-output>
  <suite started-at="2024-03-10T15:04:57 IST" name="Default suite" finished-at="2024-03-10T15:06:18 IST" duration-ms="80930">
    <groups>
      <group name="cucumber">
        <method signature="AbstractTestNGCucumberTests.runScenario(io.cucumber.testng.PickleWrapper,io.cucumber.testng.FeatureWrapper)[pri:0, instance:test.AmazonRunner@1ed4ae0f]" name="runScenario" class="io.cucumber.testng.AbstractTestNGCucumberTests"/>
      </group> <!-- cucumber -->
    </groups>
    <test started-at="2024-03-10T15:04:57 IST" name="Default test" finished-at="2024-03-10T15:06:18 IST" duration-ms="80930">
      <class name="test.AmazonRunner">
        <test-method is-config="true" signature="setUpClass(org.testng.ITestContext)[pri:0, instance:test.AmazonRunner@1ed4ae0f]" started-at="2024-03-10T15:04:57 IST" name="setUpClass" finished-at="2024-03-10T15:04:59 IST" duration-ms="1157" status="PASS">
          <params>
            <param index="0">
              <value>
                <![CDATA[org.testng.TestRunner@618ff5c2]]>
              </value>
            </param>
          </params>
          <reporter-output>
          </reporter-output>
        </test-method> <!-- setUpClass -->
        <test-method signature="runScenario(io.cucumber.testng.PickleWrapper,io.cucumber.testng.FeatureWrapper)[pri:0, instance:test.AmazonRunner@1ed4ae0f]" started-at="2024-03-10T15:04:59 IST" name="runScenario" description="Runs Cucumber Scenarios" data-provider="scenarios" finished-at="2024-03-10T15:05:21 IST" duration-ms="22538" status="PASS">
          <params>
            <param index="0">
              <value>
                <![CDATA["verify cart icon on home page"]]>
              </value>
            </param>
            <param index="1">
              <value>
                <![CDATA["Amazon Functionalities"]]>
              </value>
            </param>
          </params>
          <reporter-output>
          </reporter-output>
        </test-method> <!-- runScenario -->
        <test-method signature="runScenario(io.cucumber.testng.PickleWrapper,io.cucumber.testng.FeatureWrapper)[pri:0, instance:test.AmazonRunner@1ed4ae0f]" started-at="2024-03-10T15:05:21 IST" name="runScenario" description="Runs Cucumber Scenarios" data-provider="scenarios" finished-at="2024-03-10T15:05:59 IST" duration-ms="37529" status="PASS">
          <params>
            <param index="0">
              <value>
                <![CDATA["Verify search functionaty"]]>
              </value>
            </param>
            <param index="1">
              <value>
                <![CDATA["Amazon Functionalities"]]>
              </value>
            </param>
          </params>
          <reporter-output>
          </reporter-output>
        </test-method> <!-- runScenario -->
        <test-method signature="runScenario(io.cucumber.testng.PickleWrapper,io.cucumber.testng.FeatureWrapper)[pri:0, instance:test.AmazonRunner@1ed4ae0f]" started-at="2024-03-10T15:05:59 IST" name="runScenario" description="Runs Cucumber Scenarios" data-provider="scenarios" finished-at="2024-03-10T15:06:18 IST" duration-ms="19577" status="PASS">
          <params>
            <param index="0">
              <value>
                <![CDATA["Verify the signIn functionality"]]>
              </value>
            </param>
            <param index="1">
              <value>
                <![CDATA["Amazon Functionalities"]]>
              </value>
            </param>
          </params>
          <reporter-output>
          </reporter-output>
        </test-method> <!-- runScenario -->
        <test-method is-config="true" signature="tearDownClass()[pri:0, instance:test.AmazonRunner@1ed4ae0f]" started-at="2024-03-10T15:06:18 IST" name="tearDownClass" finished-at="2024-03-10T15:06:18 IST" duration-ms="48" status="PASS">
          <reporter-output>
          </reporter-output>
        </test-method> <!-- tearDownClass -->
      </class> <!-- test.AmazonRunner -->
    </test> <!-- Default test -->
  </suite> <!-- Default suite -->
</testng-results>
